<?xml version="1.0" encoding="UTF-8"?>
<!-- Generated by org.testng.reporters.JUnitReportReporter -->
<testsuite hostname="LAPTOP-OITAHU7F" failures="0" tests="3" name="TestCases.HomeTest" time="98.928" errors="0" timestamp="2022-08-19T09:01:53 IST" skipped="0">
  <testcase classname="TestCases.HomeTest" name="verifyBasicElementsTest" time="14.740"/>
  <system-out/>
  <testcase classname="TestCases.HomeTest" name="verifyLoginPageTitleTest" time="14.831"/>
  <system-out/>
  <testcase classname="TestCases.HomeTest" name="verifyLoginPageHeaderTest" time="69.357"/>
  <system-out/>
</testsuite> <!-- TestCases.HomeTest -->
