<?xml version="1.0" encoding="UTF-8"?>
<!-- Generated by org.testng.reporters.JUnitReportReporter -->
<testsuite hostname="DESKTOP-TONHVC3" failures="0" tests="1" name="com.crm.qa.testCases.HomeTest" time="2.885" errors="0" timestamp="2023-04-21T16:44:04 IST" skipped="0">
  <testcase classname="com.crm.qa.testCases.HomeTest" name="verifyLoginPageTitleTest" time="2.885"/>
  <system-out/>
</testsuite> <!-- com.crm.qa.testCases.HomeTest -->
